<?xml version="1.0" encoding="UTF-8"?>
<!-- Generated by org.testng.reporters.JUnitReportReporter -->
<testsuite hostname="Zakis-MacBook-Pro.local" failures="0" tests="1" name="testCase.TC002loginTest" time="1.825" errors="0" timestamp="2025-09-21T12:37:05 MDT" skipped="0">
  <testcase classname="testCase.TC002loginTest" name="verifyLogin" time="1.825"/>
</testsuite> <!-- testCase.TC002loginTest -->
