<?xml version="1.0" encoding="UTF-8"?>
<!-- Generated by org.testng.reporters.JUnitReportReporter -->
<testsuite hostname="Zakis-MacBook-Pro.local" failures="0" tests="5" name="testCase.TC003LoginDDT" time="48.255" errors="0" timestamp="2025-09-21T12:37:04 MDT" skipped="0">
  <testcase classname="testCase.TC003LoginDDT" name="verifyLoginDDT" time="11.454"/>
  <testcase classname="testCase.TC003LoginDDT" name="verifyLoginDDT" time="2.552"/>
  <testcase classname="testCase.TC003LoginDDT" name="verifyLoginDDT" time="11.338"/>
  <testcase classname="testCase.TC003LoginDDT" name="verifyLoginDDT" time="11.320"/>
  <testcase classname="testCase.TC003LoginDDT" name="verifyLoginDDT" time="11.591"/>
</testsuite> <!-- testCase.TC003LoginDDT -->
