<?xml version="1.0" encoding="UTF-8"?>
<!-- Generated by org.testng.reporters.JUnitReportReporter -->
<testsuite hostname="Zakis-MacBook-Pro.local" failures="0" tests="1" name="testCase.TC001_AccountRegistrationTest" time="2.464" errors="0" timestamp="2025-09-21T12:37:05 MDT" skipped="0">
  <testcase classname="testCase.TC001_AccountRegistrationTest" name="verify_Account_Registration" time="2.464"/>
</testsuite> <!-- testCase.TC001_AccountRegistrationTest -->
